<?xml version="1.0" encoding="UTF-8"?>
<testng-results skipped="0" failed="1" total="1" passed="0">
  <reporter-output>
  </reporter-output>
  <suite name="WEB SUITE" duration-ms="117904" started-at="2016-09-20T15:13:28Z" finished-at="2016-09-20T15:15:26Z">
    <groups>
    </groups>
    <test name="Tests" duration-ms="117904" started-at="2016-09-20T15:13:28Z" finished-at="2016-09-20T15:15:26Z">
      <class name="com.xavient.framework.WebApplicationSuite.charter_spectrum_login">
        <test-method status="PASS" signature="config()" name="config" is-config="true" duration-ms="56235" started-at="2016-09-20T15:13:28Z" finished-at="2016-09-20T15:14:25Z">
        </test-method>
        <test-method status="FAIL" signature="charter_spectrum_login(java.util.Hashtable)" name="charter_spectrum_login" duration-ms="61544" started-at="2016-09-20T15:14:25Z" finished-at="2016-09-20T15:15:26Z">
          <params>
            <param index="0">
              <value>
                <![CDATA[{Autho_Name=Test Name, VerificationCode=RVEJX6, Runmode=Y, Iteration=1, PhoneNumber=262-361-2111, Browser=chrome}]]>
              </value>
            </param>
          </params>
          <exception class="java.lang.reflect.InvocationTargetException">
            <full-stacktrace>
              <![CDATA[java.lang.reflect.InvocationTargetException
	at sun.reflect.NativeMethodAccessorImpl.invoke0(Native Method)
	at sun.reflect.NativeMethodAccessorImpl.invoke(NativeMethodAccessorImpl.java:62)
	at sun.reflect.DelegatingMethodAccessorImpl.invoke(DelegatingMethodAccessorImpl.java:43)
	at java.lang.reflect.Method.invoke(Method.java:497)
	at com.xavient.framework.util.Keywords_reflection.executeKeywords(Keywords_reflection.java:124)
	at com.xavient.framework.WebApplicationSuite.charter_spectrum_login.charter_spectrum_login(charter_spectrum_login.java:44)
	at sun.reflect.NativeMethodAccessorImpl.invoke0(Native Method)
	at sun.reflect.NativeMethodAccessorImpl.invoke(NativeMethodAccessorImpl.java:62)
	at sun.reflect.DelegatingMethodAccessorImpl.invoke(DelegatingMethodAccessorImpl.java:43)
	at java.lang.reflect.Method.invoke(Method.java:497)
	at org.testng.internal.MethodInvocationHelper.invokeMethod(MethodInvocationHelper.java:80)
	at org.testng.internal.Invoker.invokeMethod(Invoker.java:673)
	at org.testng.internal.Invoker.invokeTestMethod(Invoker.java:842)
	at org.testng.internal.Invoker.invokeTestMethods(Invoker.java:1166)
	at org.testng.internal.TestMethodWorker.invokeTestMethods(TestMethodWorker.java:125)
	at org.testng.internal.TestMethodWorker.run(TestMethodWorker.java:109)
	at java.util.concurrent.ThreadPoolExecutor.runWorker(ThreadPoolExecutor.java:1142)
	at java.util.concurrent.ThreadPoolExecutor$Worker.run(ThreadPoolExecutor.java:617)
	at java.lang.Thread.run(Thread.java:745)
Caused by: java.lang.NullPointerException
	at com.xavient.framework.util.Keywords_reflection.input(Keywords_reflection.java:237)
	... 19 more
]]>
            </full-stacktrace>
          </exception>
        </test-method>
      </class>
    </test>
  </suite>
</testng-results>
