<?xml version="1.0" encoding="UTF-8"?>
<testsuite name="TestSuite" time="61.56" tests="1" errors="0" skipped="0" failures="1">
  <properties>
[...]
</properties>
  <testcase name="charter_spectrum_login" classname="com.xavient.framework.WebApplicationSuite.charter_spectrum_login" time="61.56">
    <failure type="java.lang.reflect.InvocationTargetException:">java.lang.reflect.InvocationTargetException: null
	at com.xavient.framework.util.Keywords_reflection.input(Keywords_reflection.java:237)
	at sun.reflect.NativeMethodAccessorImpl.invoke0(Native Method)
	at sun.reflect.NativeMethodAccessorImpl.invoke(NativeMethodAccessorImpl.java:62)
	at sun.reflect.DelegatingMethodAccessorImpl.invoke(DelegatingMethodAccessorImpl.java:43)
	at java.lang.reflect.Method.invoke(Method.java:497)
	at com.xavient.framework.util.Keywords_reflection.executeKeywords(Keywords_reflection.java:124)
	at com.xavient.framework.WebApplicationSuite.charter_spectrum_login.charter_spectrum_login(charter_spectrum_login.java:44)
</failure>
    <system-out><![CDATA[neustar_login
2----------------------------Screen Function
Total rows=========== 2
menu_management_add_menu
6----------------------------Screen Function
Total rows=========== 2
menu_management_search
10----------------------------Screen Function
Total rows=========== 2
menu_management_edit_and_delete
14----------------------------Screen Function
Total rows=========== 2
charter_spectrum_login
18----------------------------Screen Function
Total rows=========== 2
neustar_login
Runmode
N
Iteration no. 1
counter    94
menu_management_add_menu
Runmode
N
Iteration no. 1
counter    1
true---------------SKIP Function----------------- 1
true---------------SKIP Function----------------- 1
true---------------SKIP Function----------------- 1
true---------------SKIP Function----------------- 1
true---------------SKIP Function----------------- 1
true---------------SKIP Function----------------- 1
true---------------SKIP Function----------------- 1
true---------------SKIP Function----------------- 1
true---------------SKIP Function----------------- 1
true---------------SKIP Function----------------- 1
true---------------SKIP Function----------------- 1
true---------------SKIP Function----------------- 1
true---------------SKIP Function----------------- 1
true---------------SKIP Function----------------- 1
true---------------SKIP Function----------------- 1
true---------------SKIP Function----------------- 1
true---------------SKIP Function----------------- 1
true---------------SKIP Function----------------- 1
true---------------SKIP Function----------------- 1
true---------------SKIP Function----------------- 1
true---------------SKIP Function----------------- 1
true---------------SKIP Function----------------- 1
true---------------SKIP Function----------------- 1
true---------------SKIP Function----------------- 1
menu_management_search
Runmode
N
Iteration no. 1
counter    25
true---------------SKIP Function----------------- 1
true---------------SKIP Function----------------- 1
true---------------SKIP Function----------------- 1
true---------------SKIP Function----------------- 1
true---------------SKIP Function----------------- 1
true---------------SKIP Function----------------- 1
true---------------SKIP Function----------------- 1
true---------------SKIP Function----------------- 1
true---------------SKIP Function----------------- 1
true---------------SKIP Function----------------- 1
true---------------SKIP Function----------------- 1
true---------------SKIP Function----------------- 1
true---------------SKIP Function----------------- 1
true---------------SKIP Function----------------- 1
true---------------SKIP Function----------------- 1
true---------------SKIP Function----------------- 1
true---------------SKIP Function----------------- 1
true---------------SKIP Function----------------- 1
true---------------SKIP Function----------------- 1
true---------------SKIP Function----------------- 1
true---------------SKIP Function----------------- 1
true---------------SKIP Function----------------- 1
true---------------SKIP Function----------------- 1
menu_management_edit_and_delete
Runmode
N
Iteration no. 1
counter    48
true---------------SKIP Function----------------- 1
true---------------SKIP Function----------------- 1
true---------------SKIP Function----------------- 1
true---------------SKIP Function----------------- 1
true---------------SKIP Function----------------- 1
true---------------SKIP Function----------------- 1
true---------------SKIP Function----------------- 1
true---------------SKIP Function----------------- 1
true---------------SKIP Function----------------- 1
true---------------SKIP Function----------------- 1
true---------------SKIP Function----------------- 1
true---------------SKIP Function----------------- 1
true---------------SKIP Function----------------- 1
true---------------SKIP Function----------------- 1
true---------------SKIP Function----------------- 1
true---------------SKIP Function----------------- 1
true---------------SKIP Function----------------- 1
true---------------SKIP Function----------------- 1
true---------------SKIP Function----------------- 1
true---------------SKIP Function----------------- 1
true---------------SKIP Function----------------- 1
true---------------SKIP Function----------------- 1
true---------------SKIP Function----------------- 1
true---------------SKIP Function----------------- 1
true---------------SKIP Function----------------- 1
true---------------SKIP Function----------------- 1
true---------------SKIP Function----------------- 1
true---------------SKIP Function----------------- 1
true---------------SKIP Function----------------- 1
true---------------SKIP Function----------------- 1
true---------------SKIP Function----------------- 1
true---------------SKIP Function----------------- 1
charter_spectrum_login
Runmode
Y
charter_spectrum_login
C:\Users\asharma26\Desktop\Core_Hybrid_Framework\executioninfo\input-data\webApplicationSuite.xlsx
18
openBrowser ---  --- Browser
New Generated Value ::9
Starting function openBrowser - chrome
Ending  function openBrowser with status PASS
navigate ---  --- 
New Generated Value ::3
Starting function navigate
Ending  function navigate with status PASS
waitForPageToLoad ---  --- 
New Generated Value ::7
waitForPageToLoad ---  --- 
New Generated Value ::7
input --- verification_Code_xpath --- VerificationCode
New Generated Value ::10
Starting function input ::verification_Code_xpath , RVEJX6
Finding element verification_Code_xpath
Ending  function click with status PASS
input --- phone_number_xpath --- PhoneNumber
New Generated Value ::4
Starting function input ::phone_number_xpath , 262-361-2111
Finding element phone_number_xpath
Ending  function click with status PASS
waitForPageToLoad ---  --- 
New Generated Value ::7
click --- continue_Btn_xpath --- 
New Generated Value ::11
Starting function clickcontinue_Btn_xpath
Finding element continue_Btn_xpath
Ending  function click with status PASS
waitForPageToLoad ---  --- 
New Generated Value ::8
waitForPageToLoad ---  --- 
New Generated Value ::3
input --- authorized_Name_xpath --- Autho_Name
New Generated Value ::8
Starting function input ::authorized_Name_xpath , Test Name
Finding element authorized_Name_xpath
ERROR - UNABLE TO FIND ELEMET -  authorized_Name_xpath
]]></system-out>
    <system-err><![CDATA[java.lang.ClassNotFoundException: oracle.jdbc.driver.OracleDriver
	at java.net.URLClassLoader.findClass(URLClassLoader.java:381)
	at java.lang.ClassLoader.loadClass(ClassLoader.java:424)
	at sun.misc.Launcher$AppClassLoader.loadClass(Launcher.java:331)
	at java.lang.ClassLoader.loadClass(ClassLoader.java:357)
	at java.lang.Class.forName0(Native Method)
	at java.lang.Class.forName(Class.java:264)
	at com.xavient.framework.util.OracleConnection.updateTable(OracleConnection.java:13)
	at com.xavient.framework.WebApplicationSuite.charter_spectrum_login.charter_spectrum_login(charter_spectrum_login.java:32)
	at sun.reflect.NativeMethodAccessorImpl.invoke0(Native Method)
	at sun.reflect.NativeMethodAccessorImpl.invoke(NativeMethodAccessorImpl.java:62)
	at sun.reflect.DelegatingMethodAccessorImpl.invoke(DelegatingMethodAccessorImpl.java:43)
	at java.lang.reflect.Method.invoke(Method.java:497)
	at org.testng.internal.MethodInvocationHelper.invokeMethod(MethodInvocationHelper.java:80)
	at org.testng.internal.Invoker.invokeMethod(Invoker.java:673)
	at org.testng.internal.Invoker.invokeTestMethod(Invoker.java:842)
	at org.testng.internal.Invoker.invokeTestMethods(Invoker.java:1166)
	at org.testng.internal.TestMethodWorker.invokeTestMethods(TestMethodWorker.java:125)
	at org.testng.internal.TestMethodWorker.run(TestMethodWorker.java:109)
	at java.util.concurrent.ThreadPoolExecutor.runWorker(ThreadPoolExecutor.java:1142)
	at java.util.concurrent.ThreadPoolExecutor$Worker.run(ThreadPoolExecutor.java:617)
	at java.lang.Thread.run(Thread.java:745)
Starting ChromeDriver 2.21.371459 (36d3d07f660ff2bc1bf28a75d1cdabed0983e7c4) on port 11336
Only local connections are allowed.
log4j:WARN No appenders could be found for logger (org.apache.http.client.protocol.RequestAddCookies).
log4j:WARN Please initialize the log4j system properly.
]]></system-err>
  </testcase>
</testsuite>