<?xml version="1.0" encoding="UTF-8"?>
<testng-results skipped="0" failed="0" total="1" passed="1">
  <reporter-output>
  </reporter-output>
  <suite name="Default suite" duration-ms="88161" started-at="2016-09-08T10:26:51Z" finished-at="2016-09-08T10:28:19Z">
    <groups>
    </groups>
    <test name="Default test" duration-ms="88161" started-at="2016-09-08T10:26:51Z" finished-at="2016-09-08T10:28:19Z">
      <class name="com.xavient.framework.WebApplicationSuite.charter_spectrum_login">
        <test-method status="PASS" signature="config()[pri:0, instance:com.xavient.framework.WebApplicationSuite.charter_spectrum_login@29774679]" name="config" is-config="true" duration-ms="33354" started-at="2016-09-08T15:56:51Z" finished-at="2016-09-08T15:57:24Z">
          <reporter-output>
          </reporter-output>
        </test-method> <!-- config -->
        <test-method status="PASS" signature="charter_spectrum_login(java.util.Hashtable)[pri:0, instance:com.xavient.framework.WebApplicationSuite.charter_spectrum_login@29774679]" name="charter_spectrum_login" duration-ms="54726" started-at="2016-09-08T15:57:24Z" data-provider="getDataForWebApplicationSuite" finished-at="2016-09-08T15:58:19Z">
          <params>
            <param index="0">
              <value>
                <![CDATA[{Autho_Name=Test Name, VerificationCode=RVEJX6, Runmode=Y, Iteration=1, PhoneNumber=262-361-2111, Browser=chrome}]]>
              </value>
            </param>
          </params>
          <reporter-output>
          </reporter-output>
        </test-method> <!-- charter_spectrum_login -->
      </class> <!-- com.xavient.framework.WebApplicationSuite.charter_spectrum_login -->
    </test> <!-- Default test -->
  </suite> <!-- Default suite -->
</testng-results>
